<?xml version="1.0" encoding="UTF-8"?>
<!-- Generated by org.testng.reporters.JUnitXMLReporter -->
<testsuite ignored="26" hostname="DESKTOP-QVD64FI" failures="1" tests="1" name="Default test(failed)" time="8.283" errors="0" timestamp="2024-09-27T16:13:17 IST">
  <testcase classname="e2eTest.DashboardTest" name="TR_85" time="0.041">
    <failure type="org.openqa.selenium.NoSuchWindowException" message="no such window: target window already closed
from unknown error: web view not found
  (Session info: chrome=129.0.6668.70)
Build info: version: &amp;apos;4.12.0&amp;apos;, revision: &amp;apos;249f2a7d1b*&amp;apos;
System info: os.name: &amp;apos;Windows 11&amp;apos;, os.arch: &amp;apos;amd64&amp;apos;, os.version: &amp;apos;10.0&amp;apos;, java.version: &amp;apos;22.0.1&amp;apos;
Driver info: org.openqa.selenium.chrome.ChromeDriver
Command: [92e78578ff73448be0342eca041e27f4, findElement {using=xpath, value=//button[text()=&amp;apos;Login&amp;apos;]}]
Capabilities {acceptInsecureCerts: false, browserName: chrome, browserVersion: 129.0.6668.70, chrome: {chromedriverVersion: 129.0.6668.70 (df87d5cf12b1..., userDataDir: C:\Users\GOPALS~1\AppData\L...}, fedcm:accounts: true, goog:chromeOptions: {debuggerAddress: localhost:50296}, networkConnectionEnabled: false, pageLoadStrategy: normal, platformName: windows, proxy: Proxy(), se:cdp: ws://localhost:50296/devtoo..., se:cdpVersion: 129.0.6668.70, setWindowRect: true, strictFileInteractability: false, timeouts: {implicit: 0, pageLoad: 300000, script: 30000}, unhandledPromptBehavior: dismiss and notify, webauthn:extension:credBlob: true, webauthn:extension:largeBlob: true, webauthn:extension:minPinLength: true, webauthn:extension:prf: true, webauthn:virtualAuthenticators: true}
Session ID: 92e78578ff73448be0342eca041e27f4">
      <![CDATA[org.openqa.selenium.NoSuchWindowException: no such window: target window already closed
from unknown error: web view not found
  (Session info: chrome=129.0.6668.70)
Build info: version: '4.12.0', revision: '249f2a7d1b*'
System info: os.name: 'Windows 11', os.arch: 'amd64', os.version: '10.0', java.version: '22.0.1'
Driver info: org.openqa.selenium.chrome.ChromeDriver
Command: [92e78578ff73448be0342eca041e27f4, findElement {using=xpath, value=//button[text()='Login']}]
Capabilities {acceptInsecureCerts: false, browserName: chrome, browserVersion: 129.0.6668.70, chrome: {chromedriverVersion: 129.0.6668.70 (df87d5cf12b1..., userDataDir: C:\Users\GOPALS~1\AppData\L...}, fedcm:accounts: true, goog:chromeOptions: {debuggerAddress: localhost:50296}, networkConnectionEnabled: false, pageLoadStrategy: normal, platformName: windows, proxy: Proxy(), se:cdp: ws://localhost:50296/devtoo..., se:cdpVersion: 129.0.6668.70, setWindowRect: true, strictFileInteractability: false, timeouts: {implicit: 0, pageLoad: 300000, script: 30000}, unhandledPromptBehavior: dismiss and notify, webauthn:extension:credBlob: true, webauthn:extension:largeBlob: true, webauthn:extension:minPinLength: true, webauthn:extension:prf: true, webauthn:virtualAuthenticators: true}
Session ID: 92e78578ff73448be0342eca041e27f4
at org.openqa.selenium.remote.codec.w3c.W3CHttpResponseCodec.createException(W3CHttpResponseCodec.java:200)
at org.openqa.selenium.remote.codec.w3c.W3CHttpResponseCodec.decode(W3CHttpResponseCodec.java:133)
at org.openqa.selenium.remote.codec.w3c.W3CHttpResponseCodec.decode(W3CHttpResponseCodec.java:52)
at org.openqa.selenium.remote.HttpCommandExecutor.execute(HttpCommandExecutor.java:191)
at org.openqa.selenium.remote.service.DriverCommandExecutor.invokeExecute(DriverCommandExecutor.java:196)
at org.openqa.selenium.remote.service.DriverCommandExecutor.execute(DriverCommandExecutor.java:171)
at org.openqa.selenium.remote.RemoteWebDriver.execute(RemoteWebDriver.java:602)
at org.openqa.selenium.remote.ElementLocation$ElementFinder$2.findElement(ElementLocation.java:165)
at org.openqa.selenium.remote.ElementLocation.findElement(ElementLocation.java:59)
at org.openqa.selenium.remote.RemoteWebDriver.findElement(RemoteWebDriver.java:359)
at org.openqa.selenium.remote.RemoteWebDriver.findElement(RemoteWebDriver.java:353)
at org.openqa.selenium.support.pagefactory.DefaultElementLocator.findElement(DefaultElementLocator.java:68)
at org.openqa.selenium.support.pagefactory.internal.LocatingElementHandler.invoke(LocatingElementHandler.java:38)
at jdk.proxy2/jdk.proxy2.$Proxy16.click(Unknown Source)
at tracelo.pom.LandingPage.login(LandingPage.java:308)
at e2eTest.DashboardTest.TR_85(DashboardTest.java:152)
at java.base/java.util.ArrayList.forEach(ArrayList.java:1597)
... Removed 28 stack frames]]>
    </failure>
  </testcase> <!-- TR_85 -->
  <testcase classname="e2eTest.DashboardTest" name="TR_87" time="0.0">
    <ignored/>
  </testcase> <!-- TR_87 -->
  <testcase classname="e2eTest.DashboardTest" name="TR_68" time="0.0">
    <ignored/>
  </testcase> <!-- TR_68 -->
  <testcase classname="e2eTest.DashboardTest" name="TR_88" time="0.0">
    <ignored/>
  </testcase> <!-- TR_88 -->
  <testcase classname="e2eTest.DashboardTest" name="TR_69" time="0.0">
    <ignored/>
  </testcase> <!-- TR_69 -->
  <testcase classname="e2eTest.DashboardTest" name="TR_90" time="0.0">
    <ignored/>
  </testcase> <!-- TR_90 -->
  <testcase classname="e2eTest.DashboardTest" name="TR_93" time="0.0">
    <ignored/>
  </testcase> <!-- TR_93 -->
  <testcase classname="e2eTest.DashboardTest" name="TR_74" time="0.0">
    <ignored/>
  </testcase> <!-- TR_74 -->
  <testcase classname="e2eTest.DashboardTest" name="TR_96" time="0.0">
    <ignored/>
  </testcase> <!-- TR_96 -->
  <testcase classname="e2eTest.DashboardTest" name="TR_94" time="0.0">
    <ignored/>
  </testcase> <!-- TR_94 -->
  <testcase classname="e2eTest.DashboardTest" name="TR_72" time="0.0">
    <ignored/>
  </testcase> <!-- TR_72 -->
  <testcase classname="e2eTest.DashboardTest" name="TR_75" time="0.0">
    <ignored/>
  </testcase> <!-- TR_75 -->
  <testcase classname="e2eTest.DashboardTest" name="TR_97" time="0.0">
    <ignored/>
  </testcase> <!-- TR_97 -->
  <testcase classname="e2eTest.DashboardTest" name="TR_78" time="0.0">
    <ignored/>
  </testcase> <!-- TR_78 -->
  <testcase classname="e2eTest.DashboardTest" name="TR_73" time="0.0">
    <ignored/>
  </testcase> <!-- TR_73 -->
  <testcase classname="e2eTest.DashboardTest" name="TR_100" time="0.0">
    <ignored/>
  </testcase> <!-- TR_100 -->
  <testcase classname="e2eTest.DashboardTest" name="TR_70" time="0.0">
    <ignored/>
  </testcase> <!-- TR_70 -->
  <testcase classname="e2eTest.DashboardTest" name="TR_76" time="0.0">
    <ignored/>
  </testcase> <!-- TR_76 -->
  <testcase classname="e2eTest.DashboardTest" name="TR_98" time="0.0">
    <ignored/>
  </testcase> <!-- TR_98 -->
  <testcase classname="e2eTest.DashboardTest" name="TR_79" time="0.0">
    <ignored/>
  </testcase> <!-- TR_79 -->
  <testcase classname="e2eTest.DashboardTest" name="TR_77" time="0.0">
    <ignored/>
  </testcase> <!-- TR_77 -->
  <testcase classname="e2eTest.DashboardTest" name="TR_99" time="0.0">
    <ignored/>
  </testcase> <!-- TR_99 -->
  <testcase classname="e2eTest.DashboardTest" name="TR_82" time="0.0">
    <ignored/>
  </testcase> <!-- TR_82 -->
  <testcase classname="e2eTest.DashboardTest" name="TR_83" time="0.0">
    <ignored/>
  </testcase> <!-- TR_83 -->
  <testcase classname="e2eTest.DashboardTest" name="TR_86" time="0.0">
    <ignored/>
  </testcase> <!-- TR_86 -->
  <testcase classname="e2eTest.DashboardTest" name="TR_89" time="0.0">
    <ignored/>
  </testcase> <!-- TR_89 -->
  <testcase classname="e2eTest.DashboardTest" name="TR_81" time="0.0">
    <ignored/>
  </testcase> <!-- TR_81 -->
</testsuite> <!-- Default test(failed) -->
