<?xml version="1.0" encoding="UTF-8"?>
<!-- Generated by org.testng.reporters.JUnitXMLReporter -->
<testsuite ignored="0" hostname="DESKTOP-QVD64FI" failures="3" tests="30" name="Landing Page Test" time="805.176" errors="0" timestamp="2024-09-27T19:44:00 IST">
  <testcase classname="testComponent.BaseTest" name="@BeforeMethod openWebsite" time="0.002">
    <failure type="org.openqa.selenium.NoSuchWindowException" message="no such window: target window already closed
from unknown error: web view not found
  (Session info: chrome=129.0.6668.70)
Build info: version: &amp;apos;4.12.0&amp;apos;, revision: &amp;apos;249f2a7d1b*&amp;apos;
System info: os.name: &amp;apos;Windows 11&amp;apos;, os.arch: &amp;apos;amd64&amp;apos;, os.version: &amp;apos;10.0&amp;apos;, java.version: &amp;apos;22.0.1&amp;apos;
Driver info: org.openqa.selenium.chrome.ChromeDriver
Command: [6d6dbbc01dee345186e841e430a20a56, get {url=https://stage.tracelo.com/en}]
Capabilities {acceptInsecureCerts: false, browserName: chrome, browserVersion: 129.0.6668.70, chrome: {chromedriverVersion: 129.0.6668.70 (df87d5cf12b1..., userDataDir: C:\Users\GOPALS~1\AppData\L...}, fedcm:accounts: true, goog:chromeOptions: {debuggerAddress: localhost:58608}, networkConnectionEnabled: false, pageLoadStrategy: normal, platformName: windows, proxy: Proxy(), se:cdp: ws://localhost:58608/devtoo..., se:cdpVersion: 129.0.6668.70, setWindowRect: true, strictFileInteractability: false, timeouts: {implicit: 0, pageLoad: 300000, script: 30000}, unhandledPromptBehavior: dismiss and notify, webauthn:extension:credBlob: true, webauthn:extension:largeBlob: true, webauthn:extension:minPinLength: true, webauthn:extension:prf: true, webauthn:virtualAuthenticators: true}
Session ID: 6d6dbbc01dee345186e841e430a20a56">
      <![CDATA[org.openqa.selenium.NoSuchWindowException: no such window: target window already closed
from unknown error: web view not found
  (Session info: chrome=129.0.6668.70)
Build info: version: '4.12.0', revision: '249f2a7d1b*'
System info: os.name: 'Windows 11', os.arch: 'amd64', os.version: '10.0', java.version: '22.0.1'
Driver info: org.openqa.selenium.chrome.ChromeDriver
Command: [6d6dbbc01dee345186e841e430a20a56, get {url=https://stage.tracelo.com/en}]
Capabilities {acceptInsecureCerts: false, browserName: chrome, browserVersion: 129.0.6668.70, chrome: {chromedriverVersion: 129.0.6668.70 (df87d5cf12b1..., userDataDir: C:\Users\GOPALS~1\AppData\L...}, fedcm:accounts: true, goog:chromeOptions: {debuggerAddress: localhost:58608}, networkConnectionEnabled: false, pageLoadStrategy: normal, platformName: windows, proxy: Proxy(), se:cdp: ws://localhost:58608/devtoo..., se:cdpVersion: 129.0.6668.70, setWindowRect: true, strictFileInteractability: false, timeouts: {implicit: 0, pageLoad: 300000, script: 30000}, unhandledPromptBehavior: dismiss and notify, webauthn:extension:credBlob: true, webauthn:extension:largeBlob: true, webauthn:extension:minPinLength: true, webauthn:extension:prf: true, webauthn:virtualAuthenticators: true}
Session ID: 6d6dbbc01dee345186e841e430a20a56
at org.openqa.selenium.remote.codec.w3c.W3CHttpResponseCodec.createException(W3CHttpResponseCodec.java:200)
at org.openqa.selenium.remote.codec.w3c.W3CHttpResponseCodec.decode(W3CHttpResponseCodec.java:133)
at org.openqa.selenium.remote.codec.w3c.W3CHttpResponseCodec.decode(W3CHttpResponseCodec.java:52)
at org.openqa.selenium.remote.HttpCommandExecutor.execute(HttpCommandExecutor.java:191)
at org.openqa.selenium.remote.service.DriverCommandExecutor.invokeExecute(DriverCommandExecutor.java:196)
at org.openqa.selenium.remote.service.DriverCommandExecutor.execute(DriverCommandExecutor.java:171)
at org.openqa.selenium.remote.RemoteWebDriver.execute(RemoteWebDriver.java:602)
at org.openqa.selenium.remote.RemoteWebDriver.get(RemoteWebDriver.java:304)
at testComponent.BaseTest.openWebsite(BaseTest.java:118)
at java.base/java.util.ArrayList.forEach(ArrayList.java:1597)
... Removed 32 stack frames]]>
    </failure>
  </testcase> <!-- @BeforeMethod openWebsite -->
  <testcase classname="e2eTest.DashboardTest" name="TR_68" time="17.102"/>
  <testcase classname="e2eTest.DashboardTest" name="TR_69" time="16.669"/>
  <testcase classname="e2eTest.DashboardTest" name="TR_70" time="16.572"/>
  <testcase classname="e2eTest.DashboardTest" name="TR_72" time="16.997"/>
  <testcase classname="e2eTest.DashboardTest" name="TR_73" time="16.547"/>
  <testcase classname="e2eTest.DashboardTest" name="TR_74" time="16.698"/>
  <testcase classname="e2eTest.DashboardTest" name="TR_75" time="16.703"/>
  <testcase classname="e2eTest.DashboardTest" name="TR_76" time="16.601"/>
  <testcase classname="e2eTest.DashboardTest" name="TR_77" time="16.093"/>
  <testcase classname="e2eTest.DashboardTest" name="TR_78" time="16.845"/>
  <testcase classname="e2eTest.DashboardTest" name="TR_79" time="19.674"/>
  <testcase classname="e2eTest.DashboardTest" name="TR_81" time="317.754"/>
  <testcase classname="e2eTest.DashboardTest" name="TR_82" time="16.851"/>
  <testcase classname="e2eTest.DashboardTest" name="TR_83" time="17.025"/>
  <testcase classname="e2eTest.DashboardTest" name="TR_85" time="8.957"/>
  <testcase classname="e2eTest.DashboardTest" name="TR_86" time="9.013"/>
  <testcase classname="e2eTest.DashboardTest" name="TR_87" time="8.824"/>
  <testcase classname="e2eTest.DashboardTest" name="TR_88" time="9.742"/>
  <testcase classname="e2eTest.DashboardTest" name="TR_89" time="12.431"/>
  <testcase classname="e2eTest.DashboardTest" name="TR_90" time="9.002"/>
  <testcase classname="e2eTest.DashboardTest" name="TR_93" time="10.729"/>
  <testcase classname="e2eTest.DashboardTest" name="TR_94" time="10.764"/>
  <testcase classname="e2eTest.DashboardTest" name="TR_97" time="8.286"/>
  <testcase classname="e2eTest.DashboardTest" name="TR_98" time="21.022"/>
  <testcase classname="e2eTest.DashboardTest" name="TR_99" time="18.572"/>
  <testcase classname="e2eTest.DashboardTest" name="TR_100" time="9.226">
    <skipped/>
  </testcase> <!-- TR_100 -->
  <testcase classname="e2eTest.DashboardTest" name="TR_100" time="8.688">
    <failure type="java.lang.AssertionError" message="The following asserts failed:
	expected [https://stage.tracelo.com/static/media/Dark-Logo.b008842b3aea781190a38a0017e39e45.svg] but found [null],
	expected [Location Request Successfully Sent!] but found []">
      <![CDATA[java.lang.AssertionError: The following asserts failed:
expected [https://stage.tracelo.com/static/media/Dark-Logo.b008842b3aea781190a38a0017e39e45.svg] but found [null],
expected [Location Request Successfully Sent!] but found []
at e2eTest.DashboardTest.TR_100(DashboardTest.java:436)
at java.base/java.util.ArrayList.forEach(ArrayList.java:1597)
... Removed 27 stack frames]]>
    </failure>
  </testcase> <!-- TR_100 -->
  <testcase classname="e2eTest.DashboardTest" name="TR_96" time="26.851">
    <skipped/>
  </testcase> <!-- TR_96 -->
  <testcase classname="e2eTest.DashboardTest" name="TR_96" time="15.277">
    <failure type="org.openqa.selenium.NoSuchWindowException" message="no such window: target window already closed
from unknown error: web view not found
  (Session info: chrome=129.0.6668.70)
Build info: version: &amp;apos;4.12.0&amp;apos;, revision: &amp;apos;249f2a7d1b*&amp;apos;
System info: os.name: &amp;apos;Windows 11&amp;apos;, os.arch: &amp;apos;amd64&amp;apos;, os.version: &amp;apos;10.0&amp;apos;, java.version: &amp;apos;22.0.1&amp;apos;
Driver info: org.openqa.selenium.chrome.ChromeDriver
Command: [6d6dbbc01dee345186e841e430a20a56, findElement {using=xpath, value=//button[@aria-label=&amp;apos;Close&amp;apos;]}]
Capabilities {acceptInsecureCerts: false, browserName: chrome, browserVersion: 129.0.6668.70, chrome: {chromedriverVersion: 129.0.6668.70 (df87d5cf12b1..., userDataDir: C:\Users\GOPALS~1\AppData\L...}, fedcm:accounts: true, goog:chromeOptions: {debuggerAddress: localhost:58608}, networkConnectionEnabled: false, pageLoadStrategy: normal, platformName: windows, proxy: Proxy(), se:cdp: ws://localhost:58608/devtoo..., se:cdpVersion: 129.0.6668.70, setWindowRect: true, strictFileInteractability: false, timeouts: {implicit: 0, pageLoad: 300000, script: 30000}, unhandledPromptBehavior: dismiss and notify, webauthn:extension:credBlob: true, webauthn:extension:largeBlob: true, webauthn:extension:minPinLength: true, webauthn:extension:prf: true, webauthn:virtualAuthenticators: true}
Session ID: 6d6dbbc01dee345186e841e430a20a56">
      <![CDATA[org.openqa.selenium.NoSuchWindowException: no such window: target window already closed
from unknown error: web view not found
  (Session info: chrome=129.0.6668.70)
Build info: version: '4.12.0', revision: '249f2a7d1b*'
System info: os.name: 'Windows 11', os.arch: 'amd64', os.version: '10.0', java.version: '22.0.1'
Driver info: org.openqa.selenium.chrome.ChromeDriver
Command: [6d6dbbc01dee345186e841e430a20a56, findElement {using=xpath, value=//button[@aria-label='Close']}]
Capabilities {acceptInsecureCerts: false, browserName: chrome, browserVersion: 129.0.6668.70, chrome: {chromedriverVersion: 129.0.6668.70 (df87d5cf12b1..., userDataDir: C:\Users\GOPALS~1\AppData\L...}, fedcm:accounts: true, goog:chromeOptions: {debuggerAddress: localhost:58608}, networkConnectionEnabled: false, pageLoadStrategy: normal, platformName: windows, proxy: Proxy(), se:cdp: ws://localhost:58608/devtoo..., se:cdpVersion: 129.0.6668.70, setWindowRect: true, strictFileInteractability: false, timeouts: {implicit: 0, pageLoad: 300000, script: 30000}, unhandledPromptBehavior: dismiss and notify, webauthn:extension:credBlob: true, webauthn:extension:largeBlob: true, webauthn:extension:minPinLength: true, webauthn:extension:prf: true, webauthn:virtualAuthenticators: true}
Session ID: 6d6dbbc01dee345186e841e430a20a56
at org.openqa.selenium.remote.codec.w3c.W3CHttpResponseCodec.createException(W3CHttpResponseCodec.java:200)
at org.openqa.selenium.remote.codec.w3c.W3CHttpResponseCodec.decode(W3CHttpResponseCodec.java:133)
at org.openqa.selenium.remote.codec.w3c.W3CHttpResponseCodec.decode(W3CHttpResponseCodec.java:52)
at org.openqa.selenium.remote.HttpCommandExecutor.execute(HttpCommandExecutor.java:191)
at org.openqa.selenium.remote.service.DriverCommandExecutor.invokeExecute(DriverCommandExecutor.java:196)
at org.openqa.selenium.remote.service.DriverCommandExecutor.execute(DriverCommandExecutor.java:171)
at org.openqa.selenium.remote.RemoteWebDriver.execute(RemoteWebDriver.java:602)
at org.openqa.selenium.remote.ElementLocation$ElementFinder$2.findElement(ElementLocation.java:165)
at org.openqa.selenium.remote.ElementLocation.findElement(ElementLocation.java:59)
at org.openqa.selenium.remote.RemoteWebDriver.findElement(RemoteWebDriver.java:359)
at org.openqa.selenium.remote.RemoteWebDriver.findElement(RemoteWebDriver.java:353)
at org.openqa.selenium.support.pagefactory.DefaultElementLocator.findElement(DefaultElementLocator.java:68)
at org.openqa.selenium.support.pagefactory.internal.LocatingElementHandler.invoke(LocatingElementHandler.java:38)
at jdk.proxy2/jdk.proxy2.$Proxy17.toString(Unknown Source)
at java.base/java.lang.String.valueOf(String.java:4507)
at java.base/java.lang.StringBuilder.append(StringBuilder.java:173)
at org.openqa.selenium.support.ui.ExpectedConditions$48.toString(ExpectedConditions.java:1367)
at java.base/java.lang.String.valueOf(String.java:4507)
at java.base/java.lang.StringBuilder.append(StringBuilder.java:173)
at org.openqa.selenium.support.ui.FluentWait.until(FluentWait.java:227)
at abstractComponent.AbstractComponent.waitForWebElementToDisappear(AbstractComponent.java:40)
at tracelo.pom.Dashboard.logout(Dashboard.java:111)
at e2eTest.DashboardTest.TR_96(DashboardTest.java:386)
at java.base/java.util.ArrayList.forEach(ArrayList.java:1597)
... Removed 28 stack frames]]>
    </failure>
  </testcase> <!-- TR_96 -->
  <testcase classname="e2eTest.DashboardTest" name="TR_96" time="44.699">
    <failure type="org.openqa.selenium.NoSuchWindowException" message="no such window: target window already closed
from unknown error: web view not found
  (Session info: chrome=129.0.6668.70)
Build info: version: &amp;apos;4.12.0&amp;apos;, revision: &amp;apos;249f2a7d1b*&amp;apos;
System info: os.name: &amp;apos;Windows 11&amp;apos;, os.arch: &amp;apos;amd64&amp;apos;, os.version: &amp;apos;10.0&amp;apos;, java.version: &amp;apos;22.0.1&amp;apos;
Driver info: org.openqa.selenium.chrome.ChromeDriver
Command: [6d6dbbc01dee345186e841e430a20a56, screenshot {}]
Capabilities {acceptInsecureCerts: false, browserName: chrome, browserVersion: 129.0.6668.70, chrome: {chromedriverVersion: 129.0.6668.70 (df87d5cf12b1..., userDataDir: C:\Users\GOPALS~1\AppData\L...}, fedcm:accounts: true, goog:chromeOptions: {debuggerAddress: localhost:58608}, networkConnectionEnabled: false, pageLoadStrategy: normal, platformName: windows, proxy: Proxy(), se:cdp: ws://localhost:58608/devtoo..., se:cdpVersion: 129.0.6668.70, setWindowRect: true, strictFileInteractability: false, timeouts: {implicit: 0, pageLoad: 300000, script: 30000}, unhandledPromptBehavior: dismiss and notify, webauthn:extension:credBlob: true, webauthn:extension:largeBlob: true, webauthn:extension:minPinLength: true, webauthn:extension:prf: true, webauthn:virtualAuthenticators: true}
Session ID: 6d6dbbc01dee345186e841e430a20a56">
      <![CDATA[org.openqa.selenium.NoSuchWindowException: no such window: target window already closed
from unknown error: web view not found
  (Session info: chrome=129.0.6668.70)
Build info: version: '4.12.0', revision: '249f2a7d1b*'
System info: os.name: 'Windows 11', os.arch: 'amd64', os.version: '10.0', java.version: '22.0.1'
Driver info: org.openqa.selenium.chrome.ChromeDriver
Command: [6d6dbbc01dee345186e841e430a20a56, screenshot {}]
Capabilities {acceptInsecureCerts: false, browserName: chrome, browserVersion: 129.0.6668.70, chrome: {chromedriverVersion: 129.0.6668.70 (df87d5cf12b1..., userDataDir: C:\Users\GOPALS~1\AppData\L...}, fedcm:accounts: true, goog:chromeOptions: {debuggerAddress: localhost:58608}, networkConnectionEnabled: false, pageLoadStrategy: normal, platformName: windows, proxy: Proxy(), se:cdp: ws://localhost:58608/devtoo..., se:cdpVersion: 129.0.6668.70, setWindowRect: true, strictFileInteractability: false, timeouts: {implicit: 0, pageLoad: 300000, script: 30000}, unhandledPromptBehavior: dismiss and notify, webauthn:extension:credBlob: true, webauthn:extension:largeBlob: true, webauthn:extension:minPinLength: true, webauthn:extension:prf: true, webauthn:virtualAuthenticators: true}
Session ID: 6d6dbbc01dee345186e841e430a20a56
at org.openqa.selenium.remote.codec.w3c.W3CHttpResponseCodec.createException(W3CHttpResponseCodec.java:200)
at org.openqa.selenium.remote.codec.w3c.W3CHttpResponseCodec.decode(W3CHttpResponseCodec.java:133)
at org.openqa.selenium.remote.codec.w3c.W3CHttpResponseCodec.decode(W3CHttpResponseCodec.java:52)
at org.openqa.selenium.remote.HttpCommandExecutor.execute(HttpCommandExecutor.java:191)
at org.openqa.selenium.remote.service.DriverCommandExecutor.invokeExecute(DriverCommandExecutor.java:196)
at org.openqa.selenium.remote.service.DriverCommandExecutor.execute(DriverCommandExecutor.java:171)
at org.openqa.selenium.remote.RemoteWebDriver.execute(RemoteWebDriver.java:602)
at org.openqa.selenium.remote.RemoteWebDriver.execute(RemoteWebDriver.java:675)
at org.openqa.selenium.remote.RemoteWebDriver.execute(RemoteWebDriver.java:679)
at org.openqa.selenium.remote.RemoteWebDriver.getScreenshotAs(RemoteWebDriver.java:325)
at testComponent.BaseTest.getScreenshot(BaseTest.java:93)
at testComponent.Listeners.onTestFailure(Listeners.java:54)
at java.base/java.util.ArrayList.forEach(ArrayList.java:1597)
... Removed 27 stack frames]]>
    </failure>
  </testcase> <!-- TR_96 -->
</testsuite> <!-- Landing Page Test -->
