<?xml version="1.0" encoding="UTF-8"?>
<!-- Generated by org.testng.reporters.JUnitReportReporter -->
<testsuite hostname="DESKTOP-QVD64FI" failures="2" tests="33" name="e2eTest.LandingPage" time="945.071" errors="0" timestamp="2024-12-13T13:16:01 IST" skipped="4">
  <testcase classname="e2eTest.LandingPage" name="TR_15" time="4.012"/>
  <system-out/>
  <testcase classname="e2eTest.LandingPage" name="TR_12" time="9.557"/>
  <system-out/>
  <testcase classname="e2eTest.LandingPage" name="TR_11" time="5.164"/>
  <system-out/>
  <testcase classname="e2eTest.LandingPage" name="TR_30" time="5.342"/>
  <system-out/>
  <testcase classname="e2eTest.LandingPage" name="TR_19" time="4.470"/>
  <system-out/>
  <testcase classname="e2eTest.LandingPage" name="TR_05" time="7.868"/>
  <system-out/>
  <testcase classname="e2eTest.LandingPage" name="TR_18" time="5.721"/>
  <system-out/>
  <testcase classname="e2eTest.LandingPage" name="TR_01" time="3.958"/>
  <system-out/>
  <testcase classname="e2eTest.LandingPage" name="TR_06" time="4.577"/>
  <system-out/>
  <testcase classname="e2eTest.LandingPage" name="TR_04" time="13.129"/>
  <system-out/>
  <testcase classname="e2eTest.LandingPage" name="TR_24" time="10.457"/>
  <system-out/>
  <testcase classname="e2eTest.LandingPage" name="TR_10" time="8.772"/>
  <system-out/>
  <testcase classname="e2eTest.LandingPage" name="TR_16" time="5.900"/>
  <system-out/>
  <testcase classname="e2eTest.LandingPage" name="TR_21" time="3.183"/>
  <system-out/>
  <testcase classname="e2eTest.LandingPage" name="TR_02" time="3.614"/>
  <system-out/>
  <testcase classname="e2eTest.LandingPage" name="TR_25" time="4.403"/>
  <system-out/>
  <testcase classname="e2eTest.LandingPage" name="TR_22" time="3.430"/>
  <system-out/>
  <testcase classname="e2eTest.LandingPage" name="TR_23" time="4.472"/>
  <system-out/>
  <testcase classname="e2eTest.LandingPage" name="TR_20" time="4.836"/>
  <system-out/>
  <testcase classname="e2eTest.LandingPage" name="TR_14" time="346.383"/>
  <system-out/>
  <testcase classname="e2eTest.LandingPage" name="TR_26" time="6.047"/>
  <system-out/>
  <testcase classname="e2eTest.LandingPage" name="TR_28" time="5.662">
    <failure message="The following asserts failed:
	Text/Attribute mismatch for element with expected value: LocationTool - 2024 expected [LocationTool - 2024] but found [LocationTool - 2024
Sorry, your browser does not support canvas.]" type="java.lang.AssertionError">
      <![CDATA[java.lang.AssertionError: The following asserts failed:
Text/Attribute mismatch for element with expected value: LocationTool - 2024 expected [LocationTool - 2024] but found [LocationTool - 2024
Sorry, your browser does not support canvas.]
at org.testng.asserts.SoftAssert.assertAll(SoftAssert.java:47)
at org.testng.asserts.SoftAssert.assertAll(SoftAssert.java:31)
at e2eTest.LandingPage.TR_28(LandingPage.java:414)
at java.base/jdk.internal.reflect.DirectMethodHandleAccessor.invoke(DirectMethodHandleAccessor.java:103)
at java.base/java.lang.reflect.Method.invoke(Method.java:580)
at org.testng.internal.MethodInvocationHelper.invokeMethod(MethodInvocationHelper.java:133)
at org.testng.internal.TestInvoker.invokeMethod(TestInvoker.java:598)
at org.testng.internal.TestInvoker.retryFailed(TestInvoker.java:213)
at org.testng.internal.MethodRunner.runInSequence(MethodRunner.java:58)
at org.testng.internal.TestInvoker$MethodInvocationAgent.invoke(TestInvoker.java:824)
at org.testng.internal.TestInvoker.invokeTestMethods(TestInvoker.java:146)
at org.testng.internal.TestMethodWorker.invokeTestMethods(TestMethodWorker.java:146)
at org.testng.internal.TestMethodWorker.run(TestMethodWorker.java:128)
at java.base/java.util.concurrent.ThreadPoolExecutor.runWorker(ThreadPoolExecutor.java:1144)
at java.base/java.util.concurrent.ThreadPoolExecutor$Worker.run(ThreadPoolExecutor.java:642)
at java.base/java.lang.Thread.run(Thread.java:1570)
]]>
    </failure>
  </testcase> <!-- TR_28 -->
  <system-out/>
  <testcase classname="e2eTest.LandingPage" name="TR_28" time="8.515">
    <skipped/>
  </testcase> <!-- TR_28 -->
  <system-out/>
  <testcase classname="e2eTest.LandingPage" name="TR_28" time="5.631">
    <skipped/>
  </testcase> <!-- TR_28 -->
  <system-out/>
  <testcase classname="e2eTest.LandingPage" name="TR_29" time="131.661">
    <skipped/>
  </testcase> <!-- TR_29 -->
  <system-out/>
  <testcase classname="e2eTest.LandingPage" name="TR_29" time="116.611">
    <failure message="The following asserts failed:
	expected [LocationTool - 2024] but found [LocationTool - 2024
Sorry, your browser does not support canvas.],
	LocationTool - 2024 text is not visible in footer FAQ expected [LocationTool - 2024] but found [LocationTool - 2024
Sorry, your browser does not support canvas.],
	LocationTool - 2024 text is not visible in footer Pricing expected [LocationTool - 2024] but found [LocationTool - 2024
Sorry, your browser does not support canvas.],
	LocationTool - 2024 text is not visible in footer Contact expected [LocationTool - 2024] but found [LocationTool - 2024
Sorry, your browser does not support canvas.],
	LocationTool - 2024 text is not visible in footer Unsubscribe expected [LocationTool - 2024] but found [LocationTool - 2024
Sorry, your browser does not support canvas.],
	LocationTool - 2024 text is not visible in footer Landing Page expected [LocationTool - 2024] but found [LocationTool - 2024
Sorry, your browser does not support canvas.],
	Cookies button is not working in footer FAQ expected [https://stage.location-tool.com/en/cookie-policy] but found [https://stage.location-tool.com/en/faq],
	Cookies button is not working in footer Pricing expected [https://stage.location-tool.com/en/cookie-policy] but found [https://stage.location-tool.com/en/pricing],
	Cookies button is not working in footer Contact expected [https://stage.location-tool.com/en/cookie-policy] but found [https://stage.location-tool.com/en/contact],
	Cookies button is not working in footer Unsubscribe expected [https://stage.location-tool.com/en/cookie-policy] but found [https://stage.location-tool.com/en/unsubscribe],
	Cookies button is not working in footer Landing Page expected [https://stage.location-tool.com/en/cookie-policy] but found [https://stage.location-tool.com/en/],
	Privacy button is not working in footer FAQ expected [https://stage.location-tool.com/en/privacy-policy] but found [https://stage.location-tool.com/en/faq],
	Privacy button is not working in footer Pricing expected [https://stage.location-tool.com/en/privacy-policy] but found [https://stage.location-tool.com/en/pricing],
	Privacy button is not working in footer Contact expected [https://stage.location-tool.com/en/privacy-policy] but found [https://stage.location-tool.com/en/contact],
	Privacy button is not working in footer Unsubscribe expected [https://stage.location-tool.com/en/privacy-policy] but found [https://stage.location-tool.com/en/unsubscribe],
	Privacy button is not working in footer Landing Page expected [https://stage.location-tool.com/en/privacy-policy] but found [https://stage.location-tool.com/en/],
	Terms button is not working in footer FAQ expected [https://stage.location-tool.com/en/terms] but found [https://stage.location-tool.com/en/faq],
	Terms button is not working in footer Pricing expected [https://stage.location-tool.com/en/terms] but found [https://stage.location-tool.com/en/pricing],
	Terms button is not working in footer Contact expected [https://stage.location-tool.com/en/terms] but found [https://stage.location-tool.com/en/contact],
	Terms button is not working in footer Unsubscribe expected [https://stage.location-tool.com/en/terms] but found [https://stage.location-tool.com/en/unsubscribe],
	Terms button is not working in footer Landing Page expected [https://stage.location-tool.com/en/terms] but found [https://stage.location-tool.com/en/]" type="java.lang.AssertionError">
      <![CDATA[java.lang.AssertionError: The following asserts failed:
expected [LocationTool - 2024] but found [LocationTool - 2024
Sorry, your browser does not support canvas.],
LocationTool - 2024 text is not visible in footer FAQ expected [LocationTool - 2024] but found [LocationTool - 2024
Sorry, your browser does not support canvas.],
LocationTool - 2024 text is not visible in footer Pricing expected [LocationTool - 2024] but found [LocationTool - 2024
Sorry, your browser does not support canvas.],
LocationTool - 2024 text is not visible in footer Contact expected [LocationTool - 2024] but found [LocationTool - 2024
Sorry, your browser does not support canvas.],
LocationTool - 2024 text is not visible in footer Unsubscribe expected [LocationTool - 2024] but found [LocationTool - 2024
Sorry, your browser does not support canvas.],
LocationTool - 2024 text is not visible in footer Landing Page expected [LocationTool - 2024] but found [LocationTool - 2024
Sorry, your browser does not support canvas.],
Cookies button is not working in footer FAQ expected [https://stage.location-tool.com/en/cookie-policy] but found [https://stage.location-tool.com/en/faq],
Cookies button is not working in footer Pricing expected [https://stage.location-tool.com/en/cookie-policy] but found [https://stage.location-tool.com/en/pricing],
Cookies button is not working in footer Contact expected [https://stage.location-tool.com/en/cookie-policy] but found [https://stage.location-tool.com/en/contact],
Cookies button is not working in footer Unsubscribe expected [https://stage.location-tool.com/en/cookie-policy] but found [https://stage.location-tool.com/en/unsubscribe],
Cookies button is not working in footer Landing Page expected [https://stage.location-tool.com/en/cookie-policy] but found [https://stage.location-tool.com/en/],
Privacy button is not working in footer FAQ expected [https://stage.location-tool.com/en/privacy-policy] but found [https://stage.location-tool.com/en/faq],
Privacy button is not working in footer Pricing expected [https://stage.location-tool.com/en/privacy-policy] but found [https://stage.location-tool.com/en/pricing],
Privacy button is not working in footer Contact expected [https://stage.location-tool.com/en/privacy-policy] but found [https://stage.location-tool.com/en/contact],
Privacy button is not working in footer Unsubscribe expected [https://stage.location-tool.com/en/privacy-policy] but found [https://stage.location-tool.com/en/unsubscribe],
Privacy button is not working in footer Landing Page expected [https://stage.location-tool.com/en/privacy-policy] but found [https://stage.location-tool.com/en/],
Terms button is not working in footer FAQ expected [https://stage.location-tool.com/en/terms] but found [https://stage.location-tool.com/en/faq],
Terms button is not working in footer Pricing expected [https://stage.location-tool.com/en/terms] but found [https://stage.location-tool.com/en/pricing],
Terms button is not working in footer Contact expected [https://stage.location-tool.com/en/terms] but found [https://stage.location-tool.com/en/contact],
Terms button is not working in footer Unsubscribe expected [https://stage.location-tool.com/en/terms] but found [https://stage.location-tool.com/en/unsubscribe],
Terms button is not working in footer Landing Page expected [https://stage.location-tool.com/en/terms] but found [https://stage.location-tool.com/en/]
at org.testng.asserts.SoftAssert.assertAll(SoftAssert.java:47)
at org.testng.asserts.SoftAssert.assertAll(SoftAssert.java:31)
at e2eTest.LandingPage.TR_29(LandingPage.java:545)
at java.base/jdk.internal.reflect.DirectMethodHandleAccessor.invoke(DirectMethodHandleAccessor.java:103)
at java.base/java.lang.reflect.Method.invoke(Method.java:580)
at org.testng.internal.MethodInvocationHelper.invokeMethod(MethodInvocationHelper.java:133)
at org.testng.internal.TestInvoker.invokeMethod(TestInvoker.java:598)
at org.testng.internal.TestInvoker.retryFailed(TestInvoker.java:213)
at org.testng.internal.MethodRunner.runInSequence(MethodRunner.java:58)
at org.testng.internal.TestInvoker$MethodInvocationAgent.invoke(TestInvoker.java:824)
at org.testng.internal.TestInvoker.invokeTestMethods(TestInvoker.java:146)
at org.testng.internal.TestMethodWorker.invokeTestMethods(TestMethodWorker.java:146)
at org.testng.internal.TestMethodWorker.run(TestMethodWorker.java:128)
at java.base/java.util.concurrent.ThreadPoolExecutor.runWorker(ThreadPoolExecutor.java:1144)
at java.base/java.util.concurrent.ThreadPoolExecutor$Worker.run(ThreadPoolExecutor.java:642)
at java.base/java.lang.Thread.run(Thread.java:1570)
]]>
    </failure>
  </testcase> <!-- TR_29 -->
  <system-out/>
  <testcase classname="e2eTest.LandingPage" name="TR_09" time="8.095"/>
  <system-out/>
  <testcase classname="e2eTest.LandingPage" name="TR_29" time="139.430">
    <skipped/>
  </testcase> <!-- TR_29 -->
  <system-out/>
  <testcase classname="e2eTest.LandingPage" name="TR_17" time="9.135"/>
  <system-out/>
  <testcase classname="e2eTest.LandingPage" name="TR_03" time="6.020"/>
  <system-out/>
  <testcase classname="e2eTest.LandingPage" name="TR_08" time="12.894"/>
  <system-out/>
  <testcase classname="e2eTest.LandingPage" name="TR_07" time="17.632"/>
  <system-out/>
  <testcase classname="e2eTest.LandingPage" name="TR_27" time="18.490"/>
  <system-out/>
</testsuite> <!-- e2eTest.LandingPage -->
