<?xml version="1.0" encoding="UTF-8"?>
<!-- Generated by org.testng.reporters.JUnitReportReporter -->
<testsuite hostname="DESKTOP-QVD64FI" failures="0" tests="27" name="e2eTest.DashboardTest" time="728.782" errors="0" timestamp="2024-12-13T13:16:01 IST" skipped="1">
  <testcase classname="e2eTest.DashboardTest" name="TR_68" time="29.456"/>
  <system-out/>
  <testcase classname="e2eTest.DashboardTest" name="TR_69" time="28.261"/>
  <system-out/>
  <testcase classname="e2eTest.DashboardTest" name="TR_70" time="25.299"/>
  <system-out/>
  <testcase classname="e2eTest.DashboardTest" name="TR_72" time="43.526"/>
  <system-out/>
  <testcase classname="e2eTest.DashboardTest" name="TR_73" time="24.077"/>
  <system-out/>
  <testcase classname="e2eTest.DashboardTest" name="TR_74" time="24.246"/>
  <system-out/>
  <testcase classname="e2eTest.DashboardTest" name="TR_75" time="23.586"/>
  <system-out/>
  <testcase classname="e2eTest.DashboardTest" name="TR_76" time="21.279"/>
  <system-out/>
  <testcase classname="e2eTest.DashboardTest" name="TR_77" time="21.829"/>
  <system-out/>
  <testcase classname="e2eTest.DashboardTest" name="TR_78" time="22.727"/>
  <system-out/>
  <testcase classname="e2eTest.DashboardTest" name="TR_79" time="26.192"/>
  <system-out/>
  <testcase classname="e2eTest.DashboardTest" name="TR_82" time="24.836"/>
  <system-out/>
  <testcase classname="e2eTest.DashboardTest" name="TR_83" time="22.699"/>
  <system-out/>
  <testcase classname="e2eTest.DashboardTest" name="TR_85" time="15.286"/>
  <system-out/>
  <testcase classname="e2eTest.DashboardTest" name="TR_86" time="16.513"/>
  <system-out/>
  <testcase classname="e2eTest.DashboardTest" name="TR_87" time="21.089"/>
  <system-out/>
  <testcase classname="e2eTest.DashboardTest" name="TR_88" time="25.528"/>
  <system-out/>
  <testcase classname="e2eTest.DashboardTest" name="TR_89" time="18.521"/>
  <system-out/>
  <testcase classname="e2eTest.DashboardTest" name="TR_90" time="24.250"/>
  <system-out/>
  <testcase classname="e2eTest.DashboardTest" name="TR_93" time="26.419"/>
  <system-out/>
  <testcase classname="e2eTest.DashboardTest" name="TR_94" time="25.040"/>
  <system-out/>
  <testcase classname="e2eTest.DashboardTest" name="TR_97" time="20.236"/>
  <system-out/>
  <testcase classname="e2eTest.DashboardTest" name="TR_98" time="32.478"/>
  <system-out/>
  <testcase classname="e2eTest.DashboardTest" name="TR_99" time="27.917"/>
  <system-out/>
  <testcase classname="e2eTest.DashboardTest" name="TR_100" time="24.742"/>
  <system-out/>
  <testcase classname="e2eTest.DashboardTest" name="TR_96" time="112.750"/>
  <system-out/>
  <testcase classname="e2eTest.DashboardTest" name="TR_81">
    <skipped/>
  </testcase> <!-- TR_81 -->
  <system-out/>
</testsuite> <!-- e2eTest.DashboardTest -->
