<?xml version="1.0" encoding="UTF-8"?>
<!-- Generated by org.testng.reporters.JUnitReportReporter -->
<testsuite hostname="DESKTOP-QVD64FI" failures="0" tests="14" name="e2eTest.AccountTest" time="635.314" errors="0" timestamp="2024-12-13T13:16:01 IST" skipped="0">
  <testcase classname="e2eTest.AccountTest" name="TR_108" time="41.669"/>
  <system-out/>
  <testcase classname="e2eTest.AccountTest" name="TR_113" time="65.989"/>
  <system-out/>
  <testcase classname="e2eTest.AccountTest" name="TR_105" time="30.296"/>
  <system-out/>
  <testcase classname="e2eTest.AccountTest" name="TR_107" time="41.986"/>
  <system-out/>
  <testcase classname="e2eTest.AccountTest" name="TR_106" time="33.183"/>
  <system-out/>
  <testcase classname="e2eTest.AccountTest" name="TR_102" time="36.245"/>
  <system-out/>
  <testcase classname="e2eTest.AccountTest" name="TR_104" time="36.413"/>
  <system-out/>
  <testcase classname="e2eTest.AccountTest" name="TR_111" time="24.694"/>
  <system-out/>
  <testcase classname="e2eTest.AccountTest" name="TR_115" time="83.797"/>
  <system-out/>
  <testcase classname="e2eTest.AccountTest" name="TR_109" time="41.042"/>
  <system-out/>
  <testcase classname="e2eTest.AccountTest" name="TR_110" time="27.648"/>
  <system-out/>
  <testcase classname="e2eTest.AccountTest" name="TR_103" time="32.575"/>
  <system-out/>
  <testcase classname="e2eTest.AccountTest" name="TR_114" time="116.588"/>
  <system-out/>
  <testcase classname="e2eTest.AccountTest" name="TR_112" time="23.189"/>
  <system-out/>
</testsuite> <!-- e2eTest.AccountTest -->
