<?xml version="1.0" encoding="UTF-8"?>
<!-- Generated by org.testng.reporters.JUnitReportReporter -->
<testsuite hostname="DESKTOP-QVD64FI" failures="0" tests="17" name="paymentPopupTest.VerifyPaymentPopup" time="276.880" errors="0" timestamp="2024-09-04T13:23:27 IST" skipped="1">
  <testcase classname="paymentPopupTest.VerifyPaymentPopup" name="TC01" time="10.959"/>
  <system-out/>
  <testcase classname="paymentPopupTest.VerifyPaymentPopup" name="TC02" time="14.094"/>
  <system-out/>
  <testcase classname="paymentPopupTest.VerifyPaymentPopup" name="TC03" time="12.291"/>
  <system-out/>
  <testcase classname="paymentPopupTest.VerifyPaymentPopup" name="TC04" time="13.890"/>
  <system-out/>
  <testcase classname="paymentPopupTest.VerifyPaymentPopup" name="TC05" time="10.234"/>
  <system-out/>
  <testcase classname="paymentPopupTest.VerifyPaymentPopup" name="TC06" time="9.858"/>
  <system-out/>
  <testcase classname="paymentPopupTest.VerifyPaymentPopup" name="TC07" time="8.647"/>
  <system-out/>
  <testcase classname="paymentPopupTest.VerifyPaymentPopup" name="TC08" time="13.550"/>
  <system-out/>
  <testcase classname="paymentPopupTest.VerifyPaymentPopup" name="TC09" time="26.185"/>
  <system-out/>
  <testcase classname="paymentPopupTest.VerifyPaymentPopup" name="TC10" time="24.176"/>
  <system-out/>
  <testcase classname="paymentPopupTest.VerifyPaymentPopup" name="TC11" time="10.661"/>
  <system-out/>
  <testcase classname="paymentPopupTest.VerifyPaymentPopup" name="TC12" time="10.947"/>
  <system-out/>
  <testcase classname="paymentPopupTest.VerifyPaymentPopup" name="TC13" time="12.185"/>
  <system-out/>
  <testcase classname="paymentPopupTest.VerifyPaymentPopup" name="TC14" time="11.778"/>
  <system-out/>
  <testcase classname="paymentPopupTest.VerifyPaymentPopup" name="TC15" time="27.326"/>
  <system-out/>
  <testcase classname="paymentPopupTest.VerifyPaymentPopup" name="TC15" time="33.496">
    <skipped/>
  </testcase> <!-- TC15 -->
  <system-out/>
  <testcase classname="paymentPopupTest.VerifyPaymentPopup" name="TC16" time="26.603"/>
  <system-out/>
</testsuite> <!-- paymentPopupTest.VerifyPaymentPopup -->
